2025-12-08 12:44:48,775 [1] INFO  - Selenium WebDriver для Chrome успешно инициализирован
2025-12-08 12:44:48,794 [1] INFO  - Установлен драйвер Chrome
2025-12-08 12:45:03,549 [1] INFO  - Переход на страницу https://clientportal.jse.co.za/reports/delta-option-and-structured-option-trades
2025-12-08 12:45:03,601 [1] DEBUG - Инициализация списка данных
2025-12-08 12:45:03,750 [1] INFO  - Найдено 10 заголовков таблицы
2025-12-08 12:45:04,298 [1] DEBUG - Начало экспорта данных в CSV
2025-12-08 12:45:04,310 [1] INFO  - Создание файла
2025-12-08 12:45:04,311 [1] DEBUG - Создание файла 08.12.2025.csv
2025-12-08 12:45:04,312 [1] DEBUG - Путь к файлу: ../../../Documents/08.12.2025.csv
2025-12-08 12:45:04,312 [1] INFO  - Запись в файл
2025-12-08 12:45:04,339 [1] INFO  - Успешное создание файла
2025-12-08 12:45:04,339 [1] INFO  - Данные успешно получены и экспортированы
2025-12-08 12:45:04,512 [1] INFO  - Драйвер Chrome успешно закрыт
2025-12-08 15:04:40,678 [1] INFO  - Selenium WebDriver для Chrome успешно инициализирован
2025-12-08 15:04:40,702 [1] INFO  - Установлен драйвер Chrome
2025-12-08 15:04:46,160 [1] INFO  - Переход на страницу https://clientportal.jse.co.za/reports/delta-option-and-structured-option-trades
2025-12-08 15:04:46,262 [1] ERROR - Критическая ошибка при парсинге веб-сайта
OpenQA.Selenium.NoSuchWindowException: no such window: target window already closed
from unknown error: web view not found
  (Session info: chrome=143.0.7499.41)
   at OpenQA.Selenium.WebDriver.UnpackAndThrowOnError(Response errorResponse, String commandToExecute)
   at OpenQA.Selenium.WebDriver.ExecuteAsync(String driverCommandToExecute, Dictionary`2 parameters)
   at OpenQA.Selenium.WebDriver.Execute(String driverCommandToExecute, Dictionary`2 parameters)
   at OpenQA.Selenium.WebDriver.FindElement(String mechanism, String value)
   at OpenQA.Selenium.By.<.ctor>b__6_0(ISearchContext context)
   at OpenQA.Selenium.By.FindElement(ISearchContext context)
   at OpenQA.Selenium.WebDriver.FindElement(By by)
   at ParsingWebSite.Classes.WebsiteParsing.parsinWebSiteToSelenium() in C:\Users\georg\source\repos\ParsingWebSiteJS\ParsingWebSiteJS\Classes\WebsiteParsing.cs:line 48
2025-12-08 15:04:46,521 [1] INFO  - Драйвер Chrome успешно закрыт
2025-12-08 15:04:46,521 [1] ERROR - Ошибка: Ошибка при парсинге веб-сайта: 
2025-12-08 15:04:46,521 [1] DEBUG - Детали ошибки:
System.Exception: Ошибка при парсинге веб-сайта: 
 ---> OpenQA.Selenium.NoSuchWindowException: no such window: target window already closed
from unknown error: web view not found
  (Session info: chrome=143.0.7499.41)
   at OpenQA.Selenium.WebDriver.UnpackAndThrowOnError(Response errorResponse, String commandToExecute)
   at OpenQA.Selenium.WebDriver.ExecuteAsync(String driverCommandToExecute, Dictionary`2 parameters)
   at OpenQA.Selenium.WebDriver.Execute(String driverCommandToExecute, Dictionary`2 parameters)
   at OpenQA.Selenium.WebDriver.FindElement(String mechanism, String value)
   at OpenQA.Selenium.By.<.ctor>b__6_0(ISearchContext context)
   at OpenQA.Selenium.By.FindElement(ISearchContext context)
   at OpenQA.Selenium.WebDriver.FindElement(By by)
   at ParsingWebSite.Classes.WebsiteParsing.parsinWebSiteToSelenium() in C:\Users\georg\source\repos\ParsingWebSiteJS\ParsingWebSiteJS\Classes\WebsiteParsing.cs:line 48
   --- End of inner exception stack trace ---
   at ParsingWebSite.Classes.WebsiteParsing.parsinWebSiteToSelenium() in C:\Users\georg\source\repos\ParsingWebSiteJS\ParsingWebSiteJS\Classes\WebsiteParsing.cs:line 104
   at Program.<Main>$(String[] args) in C:\Users\georg\source\repos\ParsingWebSiteJS\ParsingWebSiteJS\Program.cs:line 11
2025-12-08 15:05:01,218 [1] INFO  - Selenium WebDriver для Chrome успешно инициализирован
2025-12-08 15:05:01,238 [1] INFO  - Установлен драйвер Chrome
2025-12-08 15:05:08,179 [1] INFO  - Переход на страницу https://clientportal.jse.co.za/reports/delta-option-and-structured-option-trades
2025-12-08 15:05:08,239 [1] DEBUG - Инициализация списка данных
2025-12-08 15:05:08,407 [1] INFO  - Найдено 10 заголовков таблицы
2025-12-08 15:05:09,722 [1] DEBUG - Начало экспорта данных в CSV
2025-12-08 15:05:09,744 [1] INFO  - Создание файла
2025-12-08 15:05:09,744 [1] DEBUG - Создание файла 08.12.2025.csv
2025-12-08 15:05:09,746 [1] DEBUG - Путь к файлу: ../../../Documents/08.12.2025.csv
2025-12-08 15:05:09,747 [1] INFO  - Запись в файл
2025-12-08 15:05:09,784 [1] INFO  - Успешное создание файла
2025-12-08 15:05:09,784 [1] INFO  - Данные успешно получены и экспортированы
2025-12-08 15:05:09,937 [1] INFO  - Драйвер Chrome успешно закрыт
2025-12-08 15:06:48,049 [1] DEBUG - Время запуска программы: 08.12.2025 15:06:48
2025-12-08 15:06:49,557 [1] INFO  - Selenium WebDriver для Chrome успешно инициализирован
2025-12-08 15:06:49,559 [1] INFO  - Установлен драйвер Chrome
2025-12-08 15:06:56,704 [1] INFO  - Переход на страницу https://clientportal.jse.co.za/reports/delta-option-and-structured-option-trades
2025-12-08 15:06:56,749 [1] DEBUG - Инициализация списка данных
2025-12-08 15:06:56,900 [1] INFO  - Найдено 10 заголовков таблицы
2025-12-08 15:06:58,250 [1] DEBUG - Начало экспорта данных в CSV
2025-12-08 15:06:58,264 [1] INFO  - Создание файла
2025-12-08 15:06:58,264 [1] DEBUG - Создание файла 08.12.2025.csv
2025-12-08 15:06:58,265 [1] DEBUG - Путь к файлу: ../../../Documents/08.12.2025.csv
2025-12-08 15:06:58,265 [1] INFO  - Запись в файл
2025-12-08 15:06:58,292 [1] INFO  - Успешное создание файла
2025-12-08 15:06:58,292 [1] INFO  - Данные успешно получены и экспортированы
2025-12-08 15:06:58,433 [1] INFO  - Драйвер Chrome успешно закрыт
